-------------------------------------------------------------------------------
Test set: com.example.tests.FirstTestNgClass
-------------------------------------------------------------------------------
Tests run: 6, Failures: 1, Errors: 0, Skipped: 0, Time elapsed: 3.068 s <<< FAILURE! - in com.example.tests.FirstTestNgClass
com.example.tests.FirstTestNgClass.openBrowser  Time elapsed: 2.905 s  <<< FAILURE!
org.openqa.selenium.SessionNotCreatedException: 
Could not start a new session. Response code 500. Message: session not created: This version of ChromeDriver only supports Chrome version 114
Current browser version is 126.0.6478.127 with binary path /Applications/Google Chrome.app/Contents/MacOS/Google Chrome 
Host info: host: 'Gaganns-MacBook-Pro.local', ip: '10.0.0.87'
Build info: version: '4.9.0', revision: 'd7057100a6'
System info: os.name: 'Mac OS X', os.arch: 'aarch64', os.version: '14.5', java.version: '17.0.8.1'
Driver info: org.openqa.selenium.chrome.ChromeDriver
Command: [null, newSession {capabilities=[Capabilities {browserName: chrome, goog:chromeOptions: {args: [--remote-allow-origins=*], extensions: []}}]}]
	at com.example.tests.FirstTestNgClass.openBrowser(FirstTestNgClass.java:20)

